<?xml version="1.0" encoding="UTF-8"?>
<!-- Generated by org.testng.reporters.JUnitReportReporter -->
<testsuite hostname="DESKTOP-UOSJI6I" failures="0" tests="1" name="com.appiumbasics.swaglabs.BasicGestures" time="20.694" errors="0" timestamp="2022-08-03T11:31:39 IST" skipped="0">
  <testcase classname="com.appiumbasics.swaglabs.BasicGestures" name="swipeFromRightToLeftTest" time="20.694"/>
  <system-out/>
</testsuite> <!-- com.appiumbasics.swaglabs.BasicGestures -->
