<?xml version="1.0" encoding="UTF-8"?>
<!-- Generated by org.testng.reporters.JUnitReportReporter -->
<testsuite hostname="DESKTOP-UOSJI6I" failures="0" tests="1" name="com.appiumbasics.VerticalScrollExample" time="9.612" errors="0" timestamp="2022-08-16T10:38:26 IST" skipped="0">
  <testcase classname="com.appiumbasics.VerticalScrollExample" name="verticalScrollUsingUIScrollableTest" time="9.612"/>
  <system-out/>
</testsuite> <!-- com.appiumbasics.VerticalScrollExample -->
