<?xml version="1.0" encoding="UTF-8"?>
<!-- Generated by org.testng.reporters.JUnitReportReporter -->
<testsuite hostname="DESKTOP-UOSJI6I" failures="0" tests="1" name="com.appiumbasics.SendingMessages" time="39.308" errors="0" timestamp="2022-07-22T12:03:14 IST" skipped="0">
  <testcase classname="com.appiumbasics.SendingMessages" name="sendMessage" time="39.308"/>
  <system-out/>
</testsuite> <!-- com.appiumbasics.SendingMessages -->
