<?xml version="1.0" encoding="UTF-8"?>
<!-- Generated by org.testng.reporters.JUnitReportReporter -->
<testsuite hostname="DESKTOP-UOSJI6I" failures="0" tests="1" name="com.appiumbasics.MapZooming" time="24.161" errors="0" timestamp="2022-08-09T09:41:01 IST" skipped="0">
  <testcase classname="com.appiumbasics.MapZooming" name="MapTest" time="24.161"/>
  <system-out/>
</testsuite> <!-- com.appiumbasics.MapZooming -->
