<?xml version="1.0" encoding="UTF-8"?>
<!-- Generated by org.testng.reporters.JUnitReportReporter -->
<testsuite hostname="DESKTOP-UOSJI6I" failures="0" tests="1" name="com.appiumbasics.swaglabs.BasicGestures" time="33.744" errors="0" timestamp="2022-08-01T13:23:24 IST" skipped="0">
  <testcase classname="com.appiumbasics.swaglabs.BasicGestures" name="scrollTillFinalUser" time="33.744"/>
  <system-out/>
</testsuite> <!-- com.appiumbasics.swaglabs.BasicGestures -->
