<?xml version="1.0" encoding="UTF-8"?>
<!-- Generated by org.testng.reporters.JUnitReportReporter -->
<testsuite hostname="DESKTOP-UOSJI6I" failures="0" tests="1" name="com.appiumbasics.SwipeGesture" time="2.730" errors="0" timestamp="2022-08-02T10:19:29 IST" skipped="0">
  <testcase classname="com.appiumbasics.SwipeGesture" name="swipeTest" time="2.730"/>
  <system-out/>
</testsuite> <!-- com.appiumbasics.SwipeGesture -->
