<?xml version="1.0" encoding="UTF-8"?>
<!-- Generated by org.testng.reporters.JUnitReportReporter -->
<testsuite hostname="DESKTOP-UOSJI6I" failures="0" tests="1" name="com.appiumbasics.swaglabs.LoginToSwagLabs" time="7.707" errors="0" timestamp="2022-08-01T11:43:11 IST" skipped="0">
  <testcase classname="com.appiumbasics.swaglabs.LoginToSwagLabs" name="loginTest" time="7.707"/>
  <system-out/>
</testsuite> <!-- com.appiumbasics.swaglabs.LoginToSwagLabs -->
