<?xml version="1.0" encoding="UTF-8"?>
<!-- Generated by org.testng.reporters.JUnitReportReporter -->
<testsuite hostname="DESKTOP-UOSJI6I" failures="0" tests="1" name="com.appiumbasics.CalculatorOperation" time="4.571" errors="0" timestamp="2022-07-22T12:00:27 IST" skipped="0">
  <testcase classname="com.appiumbasics.CalculatorOperation" name="subtraction" time="4.571"/>
  <system-out/>
</testsuite> <!-- com.appiumbasics.CalculatorOperation -->
