<?xml version="1.0" encoding="UTF-8"?>
<!-- Generated by org.testng.reporters.JUnitReportReporter -->
<testsuite hostname="DESKTOP-UOSJI6I" failures="0" tests="1" name="com.appiumbasics.HandlingAutoCompleteDropdown" time="10.655" errors="0" timestamp="2022-08-17T10:34:11 IST" skipped="0">
  <testcase classname="com.appiumbasics.HandlingAutoCompleteDropdown" name="handlingDropdownTest" time="10.655"/>
  <system-out/>
</testsuite> <!-- com.appiumbasics.HandlingAutoCompleteDropdown -->
