<?xml version="1.0" encoding="UTF-8"?>
<!-- Generated by org.testng.reporters.JUnitReportReporter -->
<testsuite hostname="DESKTOP-UOSJI6I" failures="0" tests="1" name="com.appiumbasics.DialingNumbersInPhone" time="18.626" errors="0" timestamp="2022-07-17T13:07:33 IST" skipped="0">
  <testcase classname="com.appiumbasics.DialingNumbersInPhone" name="dialingSomeNumbers" time="18.626"/>
  <system-out/>
</testsuite> <!-- com.appiumbasics.DialingNumbersInPhone -->
