<?xml version="1.0" encoding="UTF-8"?>
<!-- Generated by org.testng.reporters.JUnitReportReporter -->
<testsuite hostname="DESKTOP-UOSJI6I" failures="0" tests="1" name="com.appiumbasics.SendingMessages" time="13.777" errors="0" timestamp="2022-07-18T11:11:13 IST" skipped="0">
  <testcase classname="com.appiumbasics.SendingMessages" name="sendMessage" time="13.777"/>
  <system-out/>
</testsuite> <!-- com.appiumbasics.SendingMessages -->
