<?xml version="1.0" encoding="UTF-8"?>
<!-- Generated by org.testng.reporters.JUnitReportReporter -->
<testsuite hostname="DESKTOP-UOSJI6I" failures="0" tests="1" name="com.appiumbasics.ToastMessageHandling" time="21.106" errors="0" timestamp="2022-08-16T11:10:09 IST" skipped="0">
  <testcase classname="com.appiumbasics.ToastMessageHandling" name="toastMessageTest" time="21.106"/>
  <system-out/>
</testsuite> <!-- com.appiumbasics.ToastMessageHandling -->
