<?xml version="1.0" encoding="UTF-8"?>
<!-- Generated by org.testng.reporters.JUnitReportReporter -->
<testsuite hostname="DESKTOP-UOSJI6I" failures="0" tests="1" name="com.appiumbasics.LongPressEx" time="7.724" errors="0" timestamp="2022-08-24T10:40:14 IST" skipped="0">
  <testcase classname="com.appiumbasics.LongPressEx" name="longPressTest" time="7.724"/>
  <system-out/>
</testsuite> <!-- com.appiumbasics.LongPressEx -->
