<?xml version="1.0" encoding="UTF-8"?>
<!-- Generated by org.testng.reporters.JUnitReportReporter -->
<testsuite hostname="DESKTOP-UOSJI6I" failures="0" tests="1" name="com.appiumbasics.AlertHandling" time="7.861" errors="0" timestamp="2022-07-27T11:26:44 IST" skipped="0">
  <testcase classname="com.appiumbasics.AlertHandling" name="handlingDifferentAlerts" time="7.861"/>
  <system-out/>
</testsuite> <!-- com.appiumbasics.AlertHandling -->
